Copyright 1986-2020 Xilinx, Inc. All Rights Reserved.
--------------------------------------------------------------------------------------------------------------------------------------------------------------------------------------
| Tool Version : Vivado v.2020.1 (lin64) Build 2902540 Wed May 27 19:54:35 MDT 2020
| Date         : Mon Mar 29 17:59:47 2021
| Host         : user-Spin-SP314-54N running 64-bit Linux Mint 20.1
| Command      : report_methodology -file design_1_wrapper_methodology_drc_routed.rpt -pb design_1_wrapper_methodology_drc_routed.pb -rpx design_1_wrapper_methodology_drc_routed.rpx
| Design       : design_1_wrapper
| Device       : xczu3eg-sbva484-1-i
| Speed File   : -1
| Design State : Fully Routed
--------------------------------------------------------------------------------------------------------------------------------------------------------------------------------------

Report Methodology

Table of Contents
-----------------
1. REPORT SUMMARY
2. REPORT DETAILS

1. REPORT SUMMARY
-----------------
            Netlist: netlist
          Floorplan: design_1
      Design limits: <entire design considered>
             Max violations: <unlimited>
             Violations found: 1
+----------+----------+---------------------------------------------+------------+
| Rule     | Severity | Description                                 | Violations |
+----------+----------+---------------------------------------------+------------+
| ULMTCS-1 | Warning  | Control Sets use limits recommend reduction | 1          |
+----------+----------+---------------------------------------------+------------+

2. REPORT DETAILS
-----------------
ULMTCS-1#1 Warning
Control Sets use limits recommend reduction  
This design uses 1918 control sets (vs. available limit of 17640, determined by 1 control set per CLB). This exceeds the control set use guideline of 7.5 percent. This is at a level where reduction is RECOMMENDED (see UG949). Use report_control_sets to get more details.
Related violations: <none>


