Copyright 1986-2020 Xilinx, Inc. All Rights Reserved.
-----------------------------------------------------------------------------------------------------------------------------
| Tool Version : Vivado v.2020.1 (lin64) Build 2902540 Wed May 27 19:54:35 MDT 2020
| Date         : Mon Mar 29 17:56:29 2021
| Host         : user-Spin-SP314-54N running 64-bit Linux Mint 20.1
| Command      : report_utilization -file design_1_wrapper_utilization_placed.rpt -pb design_1_wrapper_utilization_placed.pb
| Design       : design_1_wrapper
| Device       : xczu3egsbva484-1
| Design State : Fully Placed
-----------------------------------------------------------------------------------------------------------------------------

Utilization Design Information

Table of Contents
-----------------
1. CLB Logic
1.1 Summary of Registers by Type
2. CLB Logic Distribution
3. BLOCKRAM
4. ARITHMETIC
5. I/O
6. CLOCK
7. ADVANCED
8. CONFIGURATION
9. Primitives
10. Black Boxes
11. Instantiated Netlists

1. CLB Logic
------------

+----------------------------+-------+-------+-----------+-------+
|          Site Type         |  Used | Fixed | Available | Util% |
+----------------------------+-------+-------+-----------+-------+
| CLB LUTs                   | 27218 |     0 |     70560 | 38.57 |
|   LUT as Logic             | 26613 |     0 |     70560 | 37.72 |
|   LUT as Memory            |   605 |     0 |     28800 |  2.10 |
|     LUT as Distributed RAM |   354 |     0 |           |       |
|     LUT as Shift Register  |   251 |     0 |           |       |
| CLB Registers              | 47688 |     0 |    141120 | 33.79 |
|   Register as Flip Flop    | 47688 |     0 |    141120 | 33.79 |
|   Register as Latch        |     0 |     0 |    141120 |  0.00 |
| CARRY8                     |   214 |     0 |      8820 |  2.43 |
| F7 Muxes                   |     6 |     0 |     35280 |  0.02 |
| F8 Muxes                   |     0 |     0 |     17640 |  0.00 |
| F9 Muxes                   |     0 |     0 |      8820 |  0.00 |
+----------------------------+-------+-------+-----------+-------+


1.1 Summary of Registers by Type
--------------------------------

+-------+--------------+-------------+--------------+
| Total | Clock Enable | Synchronous | Asynchronous |
+-------+--------------+-------------+--------------+
| 0     |            _ |           - |            - |
| 0     |            _ |           - |          Set |
| 0     |            _ |           - |        Reset |
| 0     |            _ |         Set |            - |
| 0     |            _ |       Reset |            - |
| 0     |          Yes |           - |            - |
| 0     |          Yes |           - |          Set |
| 0     |          Yes |           - |        Reset |
| 213   |          Yes |         Set |            - |
| 47475 |          Yes |       Reset |            - |
+-------+--------------+-------------+--------------+


2. CLB Logic Distribution
-------------------------

+--------------------------------------------+-------+-------+-----------+-------+
|                  Site Type                 |  Used | Fixed | Available | Util% |
+--------------------------------------------+-------+-------+-----------+-------+
| CLB                                        |  6980 |     0 |      8820 | 79.14 |
|   CLBL                                     |  4019 |     0 |           |       |
|   CLBM                                     |  2961 |     0 |           |       |
| LUT as Logic                               | 26613 |     0 |     70560 | 37.72 |
|   using O5 output only                     |   222 |       |           |       |
|   using O6 output only                     | 23719 |       |           |       |
|   using O5 and O6                          |  2672 |       |           |       |
| LUT as Memory                              |   605 |     0 |     28800 |  2.10 |
|   LUT as Distributed RAM                   |   354 |     0 |           |       |
|     using O5 output only                   |     0 |       |           |       |
|     using O6 output only                   |     2 |       |           |       |
|     using O5 and O6                        |   352 |       |           |       |
|   LUT as Shift Register                    |   251 |     0 |           |       |
|     using O5 output only                   |     6 |       |           |       |
|     using O6 output only                   |   178 |       |           |       |
|     using O5 and O6                        |    67 |       |           |       |
| CLB Registers                              | 47688 |     0 |    141120 | 33.79 |
|   Register driven from within the CLB      |  5371 |       |           |       |
|   Register driven from outside the CLB     | 42317 |       |           |       |
|     LUT in front of the register is unused | 17265 |       |           |       |
|     LUT in front of the register is used   | 25052 |       |           |       |
| Unique Control Sets                        |  1918 |       |     17640 | 10.87 |
+--------------------------------------------+-------+-------+-----------+-------+
* * Note: Available Control Sets calculated as Slices * 2, Review the Control Sets Report for more information regarding control sets.


3. BLOCKRAM
-----------

+-------------------+------+-------+-----------+-------+
|     Site Type     | Used | Fixed | Available | Util% |
+-------------------+------+-------+-----------+-------+
| Block RAM Tile    |  140 |     0 |       216 | 64.81 |
|   RAMB36/FIFO*    |  132 |     0 |       216 | 61.11 |
|     RAMB36E2 only |  132 |       |           |       |
|   RAMB18          |   16 |     0 |       432 |  3.70 |
|     RAMB18E2 only |   16 |       |           |       |
+-------------------+------+-------+-----------+-------+
* Note: Each Block RAM Tile only has one FIFO logic available and therefore can accommodate only one FIFO36E2 or one FIFO18E2. However, if a FIFO18E2 occupies a Block RAM Tile, that tile can still accommodate a RAMB18E2


4. ARITHMETIC
-------------

+----------------+------+-------+-----------+-------+
|    Site Type   | Used | Fixed | Available | Util% |
+----------------+------+-------+-----------+-------+
| DSPs           |   22 |     0 |       360 |  6.11 |
|   DSP48E2 only |   22 |       |           |       |
+----------------+------+-------+-----------+-------+


5. I/O
------

+------------------+------+-------+-----------+-------+
|     Site Type    | Used | Fixed | Available | Util% |
+------------------+------+-------+-----------+-------+
| Bonded IOB       |    0 |     0 |        82 |  0.00 |
| HPIOB_M          |    0 |     0 |        26 |  0.00 |
| HPIOB_S          |    0 |     0 |        26 |  0.00 |
| HDIOB_M          |    0 |     0 |        12 |  0.00 |
| HDIOB_S          |    0 |     0 |        12 |  0.00 |
| HPIOB_SNGL       |    0 |     0 |         6 |  0.00 |
| HPIOBDIFFINBUF   |    0 |     0 |        72 |  0.00 |
| HPIOBDIFFOUTBUF  |    0 |     0 |        72 |  0.00 |
| HDIOBDIFFINBUF   |    0 |     0 |        48 |  0.00 |
| BITSLICE_CONTROL |    0 |     0 |        24 |  0.00 |
| BITSLICE_RX_TX   |    0 |     0 |       156 |  0.00 |
| BITSLICE_TX      |    0 |     0 |        24 |  0.00 |
| RIU_OR           |    0 |     0 |        12 |  0.00 |
+------------------+------+-------+-----------+-------+


6. CLOCK
--------

+----------------------+------+-------+-----------+-------+
|       Site Type      | Used | Fixed | Available | Util% |
+----------------------+------+-------+-----------+-------+
| GLOBAL CLOCK BUFFERs |    2 |     0 |       196 |  1.02 |
|   BUFGCE             |    1 |     0 |        88 |  1.14 |
|   BUFGCE_DIV         |    0 |     0 |        12 |  0.00 |
|   BUFG_PS            |    1 |     0 |        72 |  1.39 |
|   BUFGCTRL*          |    0 |     0 |        24 |  0.00 |
| PLL                  |    0 |     0 |         6 |  0.00 |
| MMCM                 |    0 |     0 |         3 |  0.00 |
+----------------------+------+-------+-----------+-------+
* Note: Each used BUFGCTRL counts as two GLOBAL CLOCK BUFFERs. This table does not include global clocking resources, only buffer cell usage. See the Clock Utilization Report (report_clock_utilization) for detailed accounting of global clocking resource availability.


7. ADVANCED
-----------

+-----------+------+-------+-----------+--------+
| Site Type | Used | Fixed | Available |  Util% |
+-----------+------+-------+-----------+--------+
| PS8       |    1 |     0 |         1 | 100.00 |
| SYSMONE4  |    0 |     0 |         1 |   0.00 |
+-----------+------+-------+-----------+--------+


8. CONFIGURATION
----------------

+-------------+------+-------+-----------+-------+
|  Site Type  | Used | Fixed | Available | Util% |
+-------------+------+-------+-----------+-------+
| BSCANE2     |    0 |     0 |         4 |  0.00 |
| DNA_PORTE2  |    0 |     0 |         1 |  0.00 |
| EFUSE_USR   |    0 |     0 |         1 |  0.00 |
| FRAME_ECCE4 |    0 |     0 |         1 |  0.00 |
| ICAPE3      |    0 |     0 |         2 |  0.00 |
| MASTER_JTAG |    0 |     0 |         1 |  0.00 |
| STARTUPE3   |    0 |     0 |         1 |  0.00 |
+-------------+------+-------+-----------+-------+


9. Primitives
-------------

+----------+-------+---------------------+
| Ref Name |  Used | Functional Category |
+----------+-------+---------------------+
| FDRE     | 47475 |            Register |
| LUT6     | 17644 |                 CLB |
| LUT5     |  4052 |                 CLB |
| LUT3     |  3204 |                 CLB |
| LUT4     |  2615 |                 CLB |
| LUT2     |  1547 |                 CLB |
| RAMD32   |   618 |                 CLB |
| SRL16E   |   267 |                 CLB |
| LUT1     |   223 |                 CLB |
| CARRY8   |   214 |                 CLB |
| FDSE     |   213 |            Register |
| RAMB36E2 |   132 |           Block Ram |
| RAMS32   |    88 |                 CLB |
| SRLC32E  |    51 |                 CLB |
| DSP48E2  |    22 |          Arithmetic |
| RAMB18E2 |    16 |           Block Ram |
| MUXF7    |     6 |                 CLB |
| PS8      |     1 |            Advanced |
| BUFG_PS  |     1 |               Clock |
| BUFGCE   |     1 |               Clock |
+----------+-------+---------------------+


10. Black Boxes
---------------

+----------+------+
| Ref Name | Used |
+----------+------+


11. Instantiated Netlists
-------------------------

+----------+------+
| Ref Name | Used |
+----------+------+


