Duplicated file found; will not be sent for synthesis: /home/user/Desktop/CG4002/vivado/vivado.srcs/sources_1/bd/design_1/ipshared/ef1e/hdl/lib_cdc_v1_0_rfs.vhd
Duplicated file found; will not be sent for synthesis: /home/user/Desktop/CG4002/vivado/vivado.srcs/sources_1/bd/design_1/ipshared/ef1e/hdl/lib_cdc_v1_0_rfs.vhd
Duplicated file found; will not be sent for synthesis: /home/user/Desktop/CG4002/vivado/vivado.srcs/sources_1/bd/design_1/ipshared/8842/hdl/proc_sys_reset_v5_0_vh_rfs.vhd
Duplicated file found; will not be sent for synthesis: /home/user/Desktop/CG4002/vivado/vivado.srcs/sources_1/bd/design_1/ipshared/2702/hdl/verilog/sc_util_v1_0_4_constants.vh
Duplicated file found; will not be sent for synthesis: /home/user/Desktop/CG4002/vivado/vivado.srcs/sources_1/bd/design_1/ipshared/2702/hdl/verilog/sc_util_v1_0_4_constants_noc.vh
Duplicated file found; will not be sent for synthesis: /home/user/Desktop/CG4002/vivado/vivado.srcs/sources_1/bd/design_1/ipshared/2702/hdl/verilog/sc_util_v1_0_4_structs.svh
Duplicated file found; will not be sent for synthesis: /home/user/Desktop/CG4002/vivado/vivado.srcs/sources_1/bd/design_1/ipshared/2702/hdl/sc_util_v1_0_vl_rfs.sv
Duplicated file found; will not be sent for synthesis: /home/user/Desktop/CG4002/vivado/vivado.srcs/sources_1/bd/design_1/ipshared/c012/hdl/sc_switchboard_v1_0_vl_rfs.sv
Duplicated file found; will not be sent for synthesis: /home/user/Desktop/CG4002/vivado/vivado.srcs/sources_1/bd/design_1/ipshared/2702/hdl/verilog/sc_util_v1_0_4_constants.vh
Duplicated file found; will not be sent for synthesis: /home/user/Desktop/CG4002/vivado/vivado.srcs/sources_1/bd/design_1/ipshared/2702/hdl/verilog/sc_util_v1_0_4_constants_noc.vh
Duplicated file found; will not be sent for synthesis: /home/user/Desktop/CG4002/vivado/vivado.srcs/sources_1/bd/design_1/ipshared/2702/hdl/verilog/sc_util_v1_0_4_structs.svh
Duplicated file found; will not be sent for synthesis: /home/user/Desktop/CG4002/vivado/vivado.srcs/sources_1/bd/design_1/ipshared/2702/hdl/sc_util_v1_0_vl_rfs.sv
Duplicated file found; will not be sent for synthesis: /home/user/Desktop/CG4002/vivado/vivado.srcs/sources_1/bd/design_1/ipshared/c012/hdl/sc_switchboard_v1_0_vl_rfs.sv
Duplicated file found; will not be sent for synthesis: /home/user/Desktop/CG4002/vivado/vivado.srcs/sources_1/bd/design_1/ipshared/2702/hdl/verilog/sc_util_v1_0_4_constants.vh
Duplicated file found; will not be sent for synthesis: /home/user/Desktop/CG4002/vivado/vivado.srcs/sources_1/bd/design_1/ipshared/2702/hdl/verilog/sc_util_v1_0_4_constants_noc.vh
Duplicated file found; will not be sent for synthesis: /home/user/Desktop/CG4002/vivado/vivado.srcs/sources_1/bd/design_1/ipshared/2702/hdl/verilog/sc_util_v1_0_4_structs.svh
Duplicated file found; will not be sent for synthesis: /home/user/Desktop/CG4002/vivado/vivado.srcs/sources_1/bd/design_1/ipshared/2702/hdl/sc_util_v1_0_vl_rfs.sv
Duplicated file found; will not be sent for synthesis: /home/user/Desktop/CG4002/vivado/vivado.srcs/sources_1/bd/design_1/ipshared/c012/hdl/sc_switchboard_v1_0_vl_rfs.sv
Duplicated file found; will not be sent for synthesis: /home/user/Desktop/CG4002/vivado/vivado.srcs/sources_1/bd/design_1/ipshared/2702/hdl/verilog/sc_util_v1_0_4_constants.vh
Duplicated file found; will not be sent for synthesis: /home/user/Desktop/CG4002/vivado/vivado.srcs/sources_1/bd/design_1/ipshared/2702/hdl/verilog/sc_util_v1_0_4_constants_noc.vh
Duplicated file found; will not be sent for synthesis: /home/user/Desktop/CG4002/vivado/vivado.srcs/sources_1/bd/design_1/ipshared/2702/hdl/verilog/sc_util_v1_0_4_structs.svh
Duplicated file found; will not be sent for synthesis: /home/user/Desktop/CG4002/vivado/vivado.srcs/sources_1/bd/design_1/ipshared/2702/hdl/sc_util_v1_0_vl_rfs.sv
Duplicated file found; will not be sent for synthesis: /home/user/Desktop/CG4002/vivado/vivado.srcs/sources_1/bd/design_1/ipshared/c012/hdl/sc_switchboard_v1_0_vl_rfs.sv
Duplicated file found; will not be sent for synthesis: /home/user/Desktop/CG4002/vivado/vivado.srcs/sources_1/bd/design_1/ipshared/2702/hdl/verilog/sc_util_v1_0_4_constants.vh
Duplicated file found; will not be sent for synthesis: /home/user/Desktop/CG4002/vivado/vivado.srcs/sources_1/bd/design_1/ipshared/2702/hdl/verilog/sc_util_v1_0_4_constants_noc.vh
Duplicated file found; will not be sent for synthesis: /home/user/Desktop/CG4002/vivado/vivado.srcs/sources_1/bd/design_1/ipshared/2702/hdl/verilog/sc_util_v1_0_4_structs.svh
Duplicated file found; will not be sent for synthesis: /home/user/Desktop/CG4002/vivado/vivado.srcs/sources_1/bd/design_1/ipshared/2702/hdl/sc_util_v1_0_vl_rfs.sv
Duplicated file found; will not be sent for synthesis: /home/user/Desktop/CG4002/vivado/vivado.srcs/sources_1/bd/design_1/ipshared/2702/hdl/verilog/sc_util_v1_0_4_constants.vh
Duplicated file found; will not be sent for synthesis: /home/user/Desktop/CG4002/vivado/vivado.srcs/sources_1/bd/design_1/ipshared/2702/hdl/verilog/sc_util_v1_0_4_constants_noc.vh
Duplicated file found; will not be sent for synthesis: /home/user/Desktop/CG4002/vivado/vivado.srcs/sources_1/bd/design_1/ipshared/2702/hdl/verilog/sc_util_v1_0_4_structs.svh
Duplicated file found; will not be sent for synthesis: /home/user/Desktop/CG4002/vivado/vivado.srcs/sources_1/bd/design_1/ipshared/2702/hdl/sc_util_v1_0_vl_rfs.sv
Duplicated file found; will not be sent for synthesis: /home/user/Desktop/CG4002/vivado/vivado.srcs/sources_1/bd/design_1/ipshared/2702/hdl/verilog/sc_util_v1_0_4_constants.vh
Duplicated file found; will not be sent for synthesis: /home/user/Desktop/CG4002/vivado/vivado.srcs/sources_1/bd/design_1/ipshared/2702/hdl/verilog/sc_util_v1_0_4_constants_noc.vh
Duplicated file found; will not be sent for synthesis: /home/user/Desktop/CG4002/vivado/vivado.srcs/sources_1/bd/design_1/ipshared/2702/hdl/verilog/sc_util_v1_0_4_structs.svh
Duplicated file found; will not be sent for synthesis: /home/user/Desktop/CG4002/vivado/vivado.srcs/sources_1/bd/design_1/ipshared/2702/hdl/sc_util_v1_0_vl_rfs.sv
Duplicated file found; will not be sent for synthesis: /home/user/Desktop/CG4002/vivado/vivado.srcs/sources_1/bd/design_1/ipshared/2702/hdl/verilog/sc_util_v1_0_4_constants.vh
Duplicated file found; will not be sent for synthesis: /home/user/Desktop/CG4002/vivado/vivado.srcs/sources_1/bd/design_1/ipshared/2702/hdl/verilog/sc_util_v1_0_4_constants_noc.vh
Duplicated file found; will not be sent for synthesis: /home/user/Desktop/CG4002/vivado/vivado.srcs/sources_1/bd/design_1/ipshared/2702/hdl/verilog/sc_util_v1_0_4_structs.svh
Duplicated file found; will not be sent for synthesis: /home/user/Desktop/CG4002/vivado/vivado.srcs/sources_1/bd/design_1/ipshared/2702/hdl/sc_util_v1_0_vl_rfs.sv
Duplicated file found; will not be sent for synthesis: /home/user/Desktop/CG4002/vivado/vivado.srcs/sources_1/bd/design_1/ipshared/2702/hdl/verilog/sc_util_v1_0_4_constants.vh
Duplicated file found; will not be sent for synthesis: /home/user/Desktop/CG4002/vivado/vivado.srcs/sources_1/bd/design_1/ipshared/2702/hdl/verilog/sc_util_v1_0_4_constants_noc.vh
Duplicated file found; will not be sent for synthesis: /home/user/Desktop/CG4002/vivado/vivado.srcs/sources_1/bd/design_1/ipshared/2702/hdl/verilog/sc_util_v1_0_4_structs.svh
Duplicated file found; will not be sent for synthesis: /home/user/Desktop/CG4002/vivado/vivado.srcs/sources_1/bd/design_1/ipshared/2702/hdl/sc_util_v1_0_vl_rfs.sv
Duplicated file found; will not be sent for synthesis: /home/user/Desktop/CG4002/vivado/vivado.srcs/sources_1/bd/design_1/ipshared/2702/hdl/verilog/sc_util_v1_0_4_constants.vh
Duplicated file found; will not be sent for synthesis: /home/user/Desktop/CG4002/vivado/vivado.srcs/sources_1/bd/design_1/ipshared/2702/hdl/verilog/sc_util_v1_0_4_constants_noc.vh
Duplicated file found; will not be sent for synthesis: /home/user/Desktop/CG4002/vivado/vivado.srcs/sources_1/bd/design_1/ipshared/2702/hdl/verilog/sc_util_v1_0_4_structs.svh
Duplicated file found; will not be sent for synthesis: /home/user/Desktop/CG4002/vivado/vivado.srcs/sources_1/bd/design_1/ipshared/2702/hdl/sc_util_v1_0_vl_rfs.sv
Duplicated file found; will not be sent for synthesis: /home/user/Desktop/CG4002/vivado/vivado.srcs/sources_1/bd/design_1/ipshared/4676/hdl/verilog/sc_node_v1_0_11_t_reqsend.svh
Duplicated file found; will not be sent for synthesis: /home/user/Desktop/CG4002/vivado/vivado.srcs/sources_1/bd/design_1/ipshared/4676/hdl/sc_node_v1_0_vl_rfs.sv
Duplicated file found; will not be sent for synthesis: /home/user/Desktop/CG4002/vivado/vivado.srcs/sources_1/bd/design_1/ipshared/2702/hdl/verilog/sc_util_v1_0_4_constants.vh
Duplicated file found; will not be sent for synthesis: /home/user/Desktop/CG4002/vivado/vivado.srcs/sources_1/bd/design_1/ipshared/2702/hdl/verilog/sc_util_v1_0_4_constants_noc.vh
Duplicated file found; will not be sent for synthesis: /home/user/Desktop/CG4002/vivado/vivado.srcs/sources_1/bd/design_1/ipshared/2702/hdl/verilog/sc_util_v1_0_4_structs.svh
Duplicated file found; will not be sent for synthesis: /home/user/Desktop/CG4002/vivado/vivado.srcs/sources_1/bd/design_1/ipshared/2702/hdl/sc_util_v1_0_vl_rfs.sv
Duplicated file found; will not be sent for synthesis: /home/user/Desktop/CG4002/vivado/vivado.srcs/sources_1/bd/design_1/ipshared/053f/hdl/sc_mmu_v1_0_vl_rfs.sv
Duplicated file found; will not be sent for synthesis: /home/user/Desktop/CG4002/vivado/vivado.srcs/sources_1/bd/design_1/ipshared/2702/hdl/verilog/sc_util_v1_0_4_constants.vh
Duplicated file found; will not be sent for synthesis: /home/user/Desktop/CG4002/vivado/vivado.srcs/sources_1/bd/design_1/ipshared/2702/hdl/verilog/sc_util_v1_0_4_constants_noc.vh
Duplicated file found; will not be sent for synthesis: /home/user/Desktop/CG4002/vivado/vivado.srcs/sources_1/bd/design_1/ipshared/2702/hdl/verilog/sc_util_v1_0_4_structs.svh
Duplicated file found; will not be sent for synthesis: /home/user/Desktop/CG4002/vivado/vivado.srcs/sources_1/bd/design_1/ipshared/2702/hdl/sc_util_v1_0_vl_rfs.sv
Duplicated file found; will not be sent for synthesis: /home/user/Desktop/CG4002/vivado/vivado.srcs/sources_1/bd/design_1/ipshared/ca72/hdl/sc_transaction_regulator_v1_0_vl_rfs.sv
Duplicated file found; will not be sent for synthesis: /home/user/Desktop/CG4002/vivado/vivado.srcs/sources_1/bd/design_1/ipshared/2702/hdl/verilog/sc_util_v1_0_4_constants.vh
Duplicated file found; will not be sent for synthesis: /home/user/Desktop/CG4002/vivado/vivado.srcs/sources_1/bd/design_1/ipshared/2702/hdl/verilog/sc_util_v1_0_4_constants_noc.vh
Duplicated file found; will not be sent for synthesis: /home/user/Desktop/CG4002/vivado/vivado.srcs/sources_1/bd/design_1/ipshared/2702/hdl/verilog/sc_util_v1_0_4_structs.svh
Duplicated file found; will not be sent for synthesis: /home/user/Desktop/CG4002/vivado/vivado.srcs/sources_1/bd/design_1/ipshared/2702/hdl/sc_util_v1_0_vl_rfs.sv
Duplicated file found; will not be sent for synthesis: /home/user/Desktop/CG4002/vivado/vivado.srcs/sources_1/bd/design_1/ipshared/9d43/hdl/sc_si_converter_v1_0_vl_rfs.sv
Duplicated file found; will not be sent for synthesis: /home/user/Desktop/CG4002/vivado/vivado.srcs/sources_1/bd/design_1/ipshared/2702/hdl/verilog/sc_util_v1_0_4_constants.vh
Duplicated file found; will not be sent for synthesis: /home/user/Desktop/CG4002/vivado/vivado.srcs/sources_1/bd/design_1/ipshared/2702/hdl/verilog/sc_util_v1_0_4_constants_noc.vh
Duplicated file found; will not be sent for synthesis: /home/user/Desktop/CG4002/vivado/vivado.srcs/sources_1/bd/design_1/ipshared/2702/hdl/verilog/sc_util_v1_0_4_structs.svh
Duplicated file found; will not be sent for synthesis: /home/user/Desktop/CG4002/vivado/vivado.srcs/sources_1/bd/design_1/ipshared/2702/hdl/sc_util_v1_0_vl_rfs.sv
Duplicated file found; will not be sent for synthesis: /home/user/Desktop/CG4002/vivado/vivado.srcs/sources_1/bd/design_1/ipshared/b89e/hdl/sc_axi2sc_v1_0_vl_rfs.sv
Duplicated file found; will not be sent for synthesis: /home/user/Desktop/CG4002/vivado/vivado.srcs/sources_1/bd/design_1/ipshared/2702/hdl/verilog/sc_util_v1_0_4_constants.vh
Duplicated file found; will not be sent for synthesis: /home/user/Desktop/CG4002/vivado/vivado.srcs/sources_1/bd/design_1/ipshared/2702/hdl/verilog/sc_util_v1_0_4_constants_noc.vh
Duplicated file found; will not be sent for synthesis: /home/user/Desktop/CG4002/vivado/vivado.srcs/sources_1/bd/design_1/ipshared/2702/hdl/verilog/sc_util_v1_0_4_structs.svh
Duplicated file found; will not be sent for synthesis: /home/user/Desktop/CG4002/vivado/vivado.srcs/sources_1/bd/design_1/ipshared/2702/hdl/sc_util_v1_0_vl_rfs.sv
Duplicated file found; will not be sent for synthesis: /home/user/Desktop/CG4002/vivado/vivado.srcs/sources_1/bd/design_1/ipshared/4676/hdl/verilog/sc_node_v1_0_11_t_reqsend.svh
Duplicated file found; will not be sent for synthesis: /home/user/Desktop/CG4002/vivado/vivado.srcs/sources_1/bd/design_1/ipshared/4676/hdl/sc_node_v1_0_vl_rfs.sv
Duplicated file found; will not be sent for synthesis: /home/user/Desktop/CG4002/vivado/vivado.srcs/sources_1/bd/design_1/ipshared/2702/hdl/verilog/sc_util_v1_0_4_constants.vh
Duplicated file found; will not be sent for synthesis: /home/user/Desktop/CG4002/vivado/vivado.srcs/sources_1/bd/design_1/ipshared/2702/hdl/verilog/sc_util_v1_0_4_constants_noc.vh
Duplicated file found; will not be sent for synthesis: /home/user/Desktop/CG4002/vivado/vivado.srcs/sources_1/bd/design_1/ipshared/2702/hdl/verilog/sc_util_v1_0_4_structs.svh
Duplicated file found; will not be sent for synthesis: /home/user/Desktop/CG4002/vivado/vivado.srcs/sources_1/bd/design_1/ipshared/2702/hdl/sc_util_v1_0_vl_rfs.sv
Duplicated file found; will not be sent for synthesis: /home/user/Desktop/CG4002/vivado/vivado.srcs/sources_1/bd/design_1/ipshared/4676/hdl/verilog/sc_node_v1_0_11_t_reqsend.svh
Duplicated file found; will not be sent for synthesis: /home/user/Desktop/CG4002/vivado/vivado.srcs/sources_1/bd/design_1/ipshared/4676/hdl/sc_node_v1_0_vl_rfs.sv
Duplicated file found; will not be sent for synthesis: /home/user/Desktop/CG4002/vivado/vivado.srcs/sources_1/bd/design_1/ipshared/2702/hdl/verilog/sc_util_v1_0_4_constants.vh
Duplicated file found; will not be sent for synthesis: /home/user/Desktop/CG4002/vivado/vivado.srcs/sources_1/bd/design_1/ipshared/2702/hdl/verilog/sc_util_v1_0_4_constants_noc.vh
Duplicated file found; will not be sent for synthesis: /home/user/Desktop/CG4002/vivado/vivado.srcs/sources_1/bd/design_1/ipshared/2702/hdl/verilog/sc_util_v1_0_4_structs.svh
Duplicated file found; will not be sent for synthesis: /home/user/Desktop/CG4002/vivado/vivado.srcs/sources_1/bd/design_1/ipshared/2702/hdl/sc_util_v1_0_vl_rfs.sv
Duplicated file found; will not be sent for synthesis: /home/user/Desktop/CG4002/vivado/vivado.srcs/sources_1/bd/design_1/ipshared/4676/hdl/verilog/sc_node_v1_0_11_t_reqsend.svh
Duplicated file found; will not be sent for synthesis: /home/user/Desktop/CG4002/vivado/vivado.srcs/sources_1/bd/design_1/ipshared/4676/hdl/sc_node_v1_0_vl_rfs.sv
Duplicated file found; will not be sent for synthesis: /home/user/Desktop/CG4002/vivado/vivado.srcs/sources_1/bd/design_1/ipshared/2702/hdl/verilog/sc_util_v1_0_4_constants.vh
Duplicated file found; will not be sent for synthesis: /home/user/Desktop/CG4002/vivado/vivado.srcs/sources_1/bd/design_1/ipshared/2702/hdl/verilog/sc_util_v1_0_4_constants_noc.vh
Duplicated file found; will not be sent for synthesis: /home/user/Desktop/CG4002/vivado/vivado.srcs/sources_1/bd/design_1/ipshared/2702/hdl/verilog/sc_util_v1_0_4_structs.svh
Duplicated file found; will not be sent for synthesis: /home/user/Desktop/CG4002/vivado/vivado.srcs/sources_1/bd/design_1/ipshared/2702/hdl/sc_util_v1_0_vl_rfs.sv
Duplicated file found; will not be sent for synthesis: /home/user/Desktop/CG4002/vivado/vivado.srcs/sources_1/bd/design_1/ipshared/2702/hdl/verilog/sc_util_v1_0_4_constants.vh
Duplicated file found; will not be sent for synthesis: /home/user/Desktop/CG4002/vivado/vivado.srcs/sources_1/bd/design_1/ipshared/2702/hdl/verilog/sc_util_v1_0_4_constants_noc.vh
Duplicated file found; will not be sent for synthesis: /home/user/Desktop/CG4002/vivado/vivado.srcs/sources_1/bd/design_1/ipshared/2702/hdl/verilog/sc_util_v1_0_4_structs.svh
Duplicated file found; will not be sent for synthesis: /home/user/Desktop/CG4002/vivado/vivado.srcs/sources_1/bd/design_1/ipshared/2702/hdl/sc_util_v1_0_vl_rfs.sv
Duplicated file found; will not be sent for synthesis: /home/user/Desktop/CG4002/vivado/vivado.srcs/sources_1/bd/design_1/ipshared/4676/hdl/verilog/sc_node_v1_0_11_t_reqsend.svh
Duplicated file found; will not be sent for synthesis: /home/user/Desktop/CG4002/vivado/vivado.srcs/sources_1/bd/design_1/ipshared/4676/hdl/sc_node_v1_0_vl_rfs.sv
Duplicated file found; will not be sent for synthesis: /home/user/Desktop/CG4002/vivado/vivado.srcs/sources_1/bd/design_1/ipshared/2702/hdl/verilog/sc_util_v1_0_4_constants.vh
Duplicated file found; will not be sent for synthesis: /home/user/Desktop/CG4002/vivado/vivado.srcs/sources_1/bd/design_1/ipshared/2702/hdl/verilog/sc_util_v1_0_4_constants_noc.vh
Duplicated file found; will not be sent for synthesis: /home/user/Desktop/CG4002/vivado/vivado.srcs/sources_1/bd/design_1/ipshared/2702/hdl/verilog/sc_util_v1_0_4_structs.svh
Duplicated file found; will not be sent for synthesis: /home/user/Desktop/CG4002/vivado/vivado.srcs/sources_1/bd/design_1/ipshared/2702/hdl/sc_util_v1_0_vl_rfs.sv
Duplicated file found; will not be sent for synthesis: /home/user/Desktop/CG4002/vivado/vivado.srcs/sources_1/bd/design_1/ipshared/4676/hdl/verilog/sc_node_v1_0_11_t_reqsend.svh
Duplicated file found; will not be sent for synthesis: /home/user/Desktop/CG4002/vivado/vivado.srcs/sources_1/bd/design_1/ipshared/4676/hdl/sc_node_v1_0_vl_rfs.sv
Duplicated file found; will not be sent for synthesis: /home/user/Desktop/CG4002/vivado/vivado.srcs/sources_1/bd/design_1/ipshared/2702/hdl/verilog/sc_util_v1_0_4_constants.vh
Duplicated file found; will not be sent for synthesis: /home/user/Desktop/CG4002/vivado/vivado.srcs/sources_1/bd/design_1/ipshared/2702/hdl/verilog/sc_util_v1_0_4_constants_noc.vh
Duplicated file found; will not be sent for synthesis: /home/user/Desktop/CG4002/vivado/vivado.srcs/sources_1/bd/design_1/ipshared/2702/hdl/verilog/sc_util_v1_0_4_structs.svh
Duplicated file found; will not be sent for synthesis: /home/user/Desktop/CG4002/vivado/vivado.srcs/sources_1/bd/design_1/ipshared/2702/hdl/sc_util_v1_0_vl_rfs.sv
Duplicated file found; will not be sent for synthesis: /home/user/Desktop/CG4002/vivado/vivado.srcs/sources_1/bd/design_1/ipshared/4676/hdl/verilog/sc_node_v1_0_11_t_reqsend.svh
Duplicated file found; will not be sent for synthesis: /home/user/Desktop/CG4002/vivado/vivado.srcs/sources_1/bd/design_1/ipshared/4676/hdl/sc_node_v1_0_vl_rfs.sv
Duplicated file found; will not be sent for synthesis: /home/user/Desktop/CG4002/vivado/vivado.srcs/sources_1/bd/design_1/ipshared/2702/hdl/verilog/sc_util_v1_0_4_constants.vh
Duplicated file found; will not be sent for synthesis: /home/user/Desktop/CG4002/vivado/vivado.srcs/sources_1/bd/design_1/ipshared/2702/hdl/verilog/sc_util_v1_0_4_constants_noc.vh
Duplicated file found; will not be sent for synthesis: /home/user/Desktop/CG4002/vivado/vivado.srcs/sources_1/bd/design_1/ipshared/2702/hdl/verilog/sc_util_v1_0_4_structs.svh
Duplicated file found; will not be sent for synthesis: /home/user/Desktop/CG4002/vivado/vivado.srcs/sources_1/bd/design_1/ipshared/2702/hdl/sc_util_v1_0_vl_rfs.sv
Duplicated file found; will not be sent for synthesis: /home/user/Desktop/CG4002/vivado/vivado.srcs/sources_1/bd/design_1/ipshared/4676/hdl/verilog/sc_node_v1_0_11_t_reqsend.svh
Duplicated file found; will not be sent for synthesis: /home/user/Desktop/CG4002/vivado/vivado.srcs/sources_1/bd/design_1/ipshared/4676/hdl/sc_node_v1_0_vl_rfs.sv
Duplicated file found; will not be sent for synthesis: /home/user/Desktop/CG4002/vivado/vivado.srcs/sources_1/bd/design_1/ipshared/2702/hdl/verilog/sc_util_v1_0_4_constants.vh
Duplicated file found; will not be sent for synthesis: /home/user/Desktop/CG4002/vivado/vivado.srcs/sources_1/bd/design_1/ipshared/2702/hdl/verilog/sc_util_v1_0_4_constants_noc.vh
Duplicated file found; will not be sent for synthesis: /home/user/Desktop/CG4002/vivado/vivado.srcs/sources_1/bd/design_1/ipshared/2702/hdl/verilog/sc_util_v1_0_4_structs.svh
Duplicated file found; will not be sent for synthesis: /home/user/Desktop/CG4002/vivado/vivado.srcs/sources_1/bd/design_1/ipshared/2702/hdl/sc_util_v1_0_vl_rfs.sv
Duplicated file found; will not be sent for synthesis: /home/user/Desktop/CG4002/vivado/vivado.srcs/sources_1/bd/design_1/ipshared/4676/hdl/verilog/sc_node_v1_0_11_t_reqsend.svh
Duplicated file found; will not be sent for synthesis: /home/user/Desktop/CG4002/vivado/vivado.srcs/sources_1/bd/design_1/ipshared/4676/hdl/sc_node_v1_0_vl_rfs.sv
Duplicated file found; will not be sent for synthesis: /home/user/Desktop/CG4002/vivado/vivado.srcs/sources_1/bd/design_1/ipshared/2702/hdl/verilog/sc_util_v1_0_4_constants.vh
Duplicated file found; will not be sent for synthesis: /home/user/Desktop/CG4002/vivado/vivado.srcs/sources_1/bd/design_1/ipshared/2702/hdl/verilog/sc_util_v1_0_4_constants_noc.vh
Duplicated file found; will not be sent for synthesis: /home/user/Desktop/CG4002/vivado/vivado.srcs/sources_1/bd/design_1/ipshared/2702/hdl/verilog/sc_util_v1_0_4_structs.svh
Duplicated file found; will not be sent for synthesis: /home/user/Desktop/CG4002/vivado/vivado.srcs/sources_1/bd/design_1/ipshared/2702/hdl/sc_util_v1_0_vl_rfs.sv
Duplicated file found; will not be sent for synthesis: /home/user/Desktop/CG4002/vivado/vivado.srcs/sources_1/bd/design_1/ipshared/2985/hdl/blk_mem_gen_v8_4_vhsyn_rfs.vhd
Duplicated file found; will not be sent for synthesis: /home/user/Desktop/CG4002/vivado/vivado.srcs/sources_1/bd/design_1/ipshared/276e/hdl/fifo_generator_v13_2_vhsyn_rfs.vhd
Duplicated file found; will not be sent for synthesis: /home/user/Desktop/CG4002/vivado/vivado.srcs/sources_1/bd/design_1/ipshared/b752/hdl/generic_baseblocks_v2_1_vl_rfs.v
Duplicated file found; will not be sent for synthesis: /home/user/Desktop/CG4002/vivado/vivado.srcs/sources_1/bd/design_1/ipshared/47c9/hdl/axi_data_fifo_v2_1_vl_rfs.v
Duplicated file found; will not be sent for synthesis: /home/user/Desktop/CG4002/vivado/vivado.srcs/sources_1/bd/design_1/ipshared/ec67/hdl/axi_infrastructure_v1_1_0.vh
Duplicated file found; will not be sent for synthesis: /home/user/Desktop/CG4002/vivado/vivado.srcs/sources_1/bd/design_1/ipshared/ec67/hdl/axi_infrastructure_v1_1_vl_rfs.v
Duplicated file found; will not be sent for synthesis: /home/user/Desktop/CG4002/vivado/vivado.srcs/sources_1/bd/design_1/ipshared/2ef9/hdl/axi_register_slice_v2_1_vl_rfs.v
Duplicated file found; will not be sent for synthesis: /home/user/Desktop/CG4002/vivado/vivado.srcs/sources_1/bd/design_1/ipshared/2985/hdl/blk_mem_gen_v8_4_vhsyn_rfs.vhd
Duplicated file found; will not be sent for synthesis: /home/user/Desktop/CG4002/vivado/vivado.srcs/sources_1/bd/design_1/ipshared/276e/hdl/fifo_generator_v13_2_vhsyn_rfs.vhd
CRC performance measure: elapsed=00:00:00s;;memory_peak=5004.047MB;;memory_gain=0.000MB
