Copyright 1986-2020 Xilinx, Inc. All Rights Reserved.
------------------------------------------------------------------------------------
| Tool Version : Vivado v.2020.1 (lin64) Build 2902540 Wed May 27 19:54:35 MDT 2020
| Date         : Mon Mar 29 17:31:02 2021
| Host         : user-Spin-SP314-54N running 64-bit Linux Mint 20.1
| Command      : upgrade_ip
| Device       : xczu3eg-sbva484-1-i
------------------------------------------------------------------------------------

Upgrade Log for IP 'design_1_MLP_1_0_0'

1. Summary
----------

SUCCESS in the upgrade of design_1_MLP_1_0_0 (xilinx.com:hls:MLP_1:1.0) from (Rev. 2103290137) to (Rev. 2103291728)






Copyright 1986-2020 Xilinx, Inc. All Rights Reserved.
------------------------------------------------------------------------------------
| Tool Version : Vivado v.2020.1 (lin64) Build 2902540 Wed May 27 19:54:35 MDT 2020
| Date         : Mon Mar 29 01:38:30 2021
| Host         : user-Spin-SP314-54N running 64-bit Linux Mint 20.1
| Command      : upgrade_ip
| Device       : xczu3eg-sbva484-1-i
------------------------------------------------------------------------------------

Upgrade Log for IP 'design_1_MLP_1_0_0'

1. Summary
----------

SUCCESS in the upgrade of design_1_MLP_1_0_0 (xilinx.com:hls:MLP_1:1.0) from (Rev. 2103270059) to (Rev. 2103290137)






Copyright 1986-2020 Xilinx, Inc. All Rights Reserved.
------------------------------------------------------------------------------------
| Tool Version : Vivado v.2020.1 (lin64) Build 2902540 Wed May 27 19:54:35 MDT 2020
| Date         : Sat Mar 27 00:59:53 2021
| Host         : user-Spin-SP314-54N running 64-bit Linux Mint 20.1
| Command      : upgrade_ip
| Device       : xczu3eg-sbva484-1-i
------------------------------------------------------------------------------------

Upgrade Log for IP 'design_1_MLP_1_0_0'

1. Summary
----------

SUCCESS in the upgrade of design_1_MLP_1_0_0 (xilinx.com:hls:MLP_1:1.0) from (Rev. 2103240016) to (Rev. 2103270059)






Copyright 1986-2020 Xilinx, Inc. All Rights Reserved.
------------------------------------------------------------------------------------
| Tool Version : Vivado v.2020.1 (lin64) Build 2902540 Wed May 27 19:54:35 MDT 2020
| Date         : Wed Mar 24 00:17:22 2021
| Host         : user-Spin-SP314-54N running 64-bit Linux Mint 20.1
| Command      : upgrade_ip
| Device       : xczu3eg-sbva484-1-i
------------------------------------------------------------------------------------

Upgrade Log for IP 'design_1_MLP_1_0_0'

1. Summary
----------

SUCCESS in the upgrade of design_1_MLP_1_0_0 (xilinx.com:hls:MLP_1:1.0) from (Rev. 2103232320) to (Rev. 2103240016)

