

================================================================
== Vivado HLS Report for 'dot_product_2'
================================================================
* Date:           Mon Mar 29 17:26:57 2021

* Version:        2020.1 (Build 2897737 on Wed May 27 20:21:37 MDT 2020)
* Project:        cg4002
* Solution:       solution1
* Product family: zynquplus
* Target device:  xczu3eg-sbva484-1-i


================================================================
== Performance Estimates
================================================================
+ Timing: 
    * Summary: 
    +--------+----------+----------+------------+
    |  Clock |  Target  | Estimated| Uncertainty|
    +--------+----------+----------+------------+
    |ap_clk  | 10.00 ns | 9.338 ns |   1.25 ns  |
    +--------+----------+----------+------------+

+ Latency: 
    * Summary: 
    +---------+---------+-----------+-----------+------+------+---------+
    |  Latency (cycles) |   Latency (absolute)  |   Interval  | Pipeline|
    |   min   |   max   |    min    |    max    |  min |  max |   Type  |
    +---------+---------+-----------+-----------+------+------+---------+
    |     1542|     1542| 15.420 us | 15.420 us |  1542|  1542|   none  |
    +---------+---------+-----------+-----------+------+------+---------+

    + Detail: 
        * Instance: 
        N/A

        * Loop: 
        +----------+---------+---------+----------+-----------+-----------+------+----------+
        |          |  Latency (cycles) | Iteration|  Initiation Interval  | Trip |          |
        | Loop Name|   min   |   max   |  Latency |  achieved |   target  | Count| Pipelined|
        +----------+---------+---------+----------+-----------+-----------+------+----------+
        |- Loop 1  |      256|      256|         2|          1|          1|   256|    yes   |
        |- Loop 2  |      256|      256|         2|          1|          1|   256|    yes   |
        +----------+---------+---------+----------+-----------+-----------+------+----------+



================================================================
== Utilization Estimates
================================================================
* Summary: 
+-----------------+---------+-------+--------+-------+-----+
|       Name      | BRAM_18K| DSP48E|   FF   |  LUT  | URAM|
+-----------------+---------+-------+--------+-------+-----+
|DSP              |        -|      -|       -|      -|    -|
|Expression       |        -|      -|       0|     91|    -|
|FIFO             |        -|      -|       -|      -|    -|
|Instance         |        -|      5|     355|    352|    -|
|Memory           |        -|      -|       -|      -|    -|
|Multiplexer      |        -|      -|       -|   4626|    -|
|Register         |        -|      -|   17558|      -|    -|
+-----------------+---------+-------+--------+-------+-----+
|Total            |        0|      5|   17913|   5069|    0|
+-----------------+---------+-------+--------+-------+-----+
|Available        |      432|    360|  141120|  70560|    0|
+-----------------+---------+-------+--------+-------+-----+
|Utilization (%)  |        0|      1|      12|      7|    0|
+-----------------+---------+-------+--------+-------+-----+

+ Detail: 
    * Instance: 
    +-------------------------+----------------------+---------+-------+-----+-----+-----+
    |         Instance        |        Module        | BRAM_18K| DSP48E|  FF | LUT | URAM|
    +-------------------------+----------------------+---------+-------+-----+-----+-----+
    |MLP_1_fadd_32ns_3bkb_U1  |MLP_1_fadd_32ns_3bkb  |        0|      2|  227|  214|    0|
    |MLP_1_fmul_32ns_3cud_U2  |MLP_1_fmul_32ns_3cud  |        0|      3|  128|  138|    0|
    +-------------------------+----------------------+---------+-------+-----+-----+-----+
    |Total                    |                      |        0|      5|  355|  352|    0|
    +-------------------------+----------------------+---------+-------+-----+-----+-----+

    * DSP48E: 
    N/A

    * Memory: 
    N/A

    * FIFO: 
    N/A

    * Expression: 
    +-------------------------+----------+-------+---+----+------------+------------+
    |      Variable Name      | Operation| DSP48E| FF| LUT| Bitwidth P0| Bitwidth P1|
    +-------------------------+----------+-------+---+----+------------+------------+
    |add_ln32_fu_2702_p2      |     +    |      0|  0|  25|          18|          18|
    |i_1_fu_4002_p2           |     +    |      0|  0|  16|           9|           1|
    |i_fu_2692_p2             |     +    |      0|  0|  16|           9|           1|
    |icmp_ln30_fu_2686_p2     |   icmp   |      0|  0|  13|           9|          10|
    |icmp_ln34_fu_3996_p2     |   icmp   |      0|  0|  13|           9|          10|
    |ap_enable_pp0            |    xor   |      0|  0|   2|           1|           2|
    |ap_enable_pp1            |    xor   |      0|  0|   2|           1|           2|
    |ap_enable_reg_pp0_iter1  |    xor   |      0|  0|   2|           2|           1|
    |ap_enable_reg_pp1_iter1  |    xor   |      0|  0|   2|           2|           1|
    +-------------------------+----------+-------+---+----+------------+------------+
    |Total                    |          |      0|  0|  91|          60|          46|
    +-------------------------+----------+-------+---+----+------------+------------+

    * Multiplexer: 
    +-------------------------+------+-----------+-----+-----------+
    |           Name          |  LUT | Input Size| Bits| Total Bits|
    +-------------------------+------+-----------+-----+-----------+
    |ap_NS_fsm                |  2193|       1032|    1|       1032|
    |ap_enable_reg_pp0_iter1  |    15|          3|    1|          3|
    |ap_enable_reg_pp1_iter1  |    15|          3|    1|          3|
    |ap_return                |     9|          2|   32|         64|
    |grp_fu_2654_p0           |    15|          3|   32|         96|
    |grp_fu_2654_p1           |    15|          3|   32|         96|
    |grp_fu_2659_p0           |  1173|        257|   32|       8224|
    |grp_fu_2659_p1           |  1173|        257|   32|       8224|
    |i1_0_reg_2643            |     9|          2|    9|         18|
    |i_0_reg_2632             |     9|          2|    9|         18|
    +-------------------------+------+-----------+-----+-----------+
    |Total                    |  4626|       1564|  181|      17778|
    +-------------------------+------+-----------+-----+-----------+

    * Register: 
    +-------------------------+------+----+------+-----------+
    |           Name          |  FF  | LUT| Bits | Const Bits|
    +-------------------------+------+----+------+-----------+
    |a_int_255_100_fu_952     |    32|   0|    32|          0|
    |a_int_255_101_fu_956     |    32|   0|    32|          0|
    |a_int_255_102_fu_960     |    32|   0|    32|          0|
    |a_int_255_103_fu_964     |    32|   0|    32|          0|
    |a_int_255_104_fu_968     |    32|   0|    32|          0|
    |a_int_255_105_fu_972     |    32|   0|    32|          0|
    |a_int_255_106_fu_976     |    32|   0|    32|          0|
    |a_int_255_107_fu_980     |    32|   0|    32|          0|
    |a_int_255_108_fu_984     |    32|   0|    32|          0|
    |a_int_255_109_fu_988     |    32|   0|    32|          0|
    |a_int_255_10_fu_592      |    32|   0|    32|          0|
    |a_int_255_110_fu_992     |    32|   0|    32|          0|
    |a_int_255_111_fu_996     |    32|   0|    32|          0|
    |a_int_255_112_fu_1000    |    32|   0|    32|          0|
    |a_int_255_113_fu_1004    |    32|   0|    32|          0|
    |a_int_255_114_fu_1008    |    32|   0|    32|          0|
    |a_int_255_115_fu_1012    |    32|   0|    32|          0|
    |a_int_255_116_fu_1016    |    32|   0|    32|          0|
    |a_int_255_117_fu_1020    |    32|   0|    32|          0|
    |a_int_255_118_fu_1024    |    32|   0|    32|          0|
    |a_int_255_119_fu_1028    |    32|   0|    32|          0|
    |a_int_255_11_fu_596      |    32|   0|    32|          0|
    |a_int_255_120_fu_1032    |    32|   0|    32|          0|
    |a_int_255_121_fu_1036    |    32|   0|    32|          0|
    |a_int_255_122_fu_1040    |    32|   0|    32|          0|
    |a_int_255_123_fu_1044    |    32|   0|    32|          0|
    |a_int_255_124_fu_1048    |    32|   0|    32|          0|
    |a_int_255_125_fu_1052    |    32|   0|    32|          0|
    |a_int_255_126_fu_1056    |    32|   0|    32|          0|
    |a_int_255_127_fu_1060    |    32|   0|    32|          0|
    |a_int_255_128_fu_1064    |    32|   0|    32|          0|
    |a_int_255_129_fu_1068    |    32|   0|    32|          0|
    |a_int_255_12_fu_600      |    32|   0|    32|          0|
    |a_int_255_130_fu_1072    |    32|   0|    32|          0|
    |a_int_255_131_fu_1076    |    32|   0|    32|          0|
    |a_int_255_132_fu_1080    |    32|   0|    32|          0|
    |a_int_255_133_fu_1084    |    32|   0|    32|          0|
    |a_int_255_134_fu_1088    |    32|   0|    32|          0|
    |a_int_255_135_fu_1092    |    32|   0|    32|          0|
    |a_int_255_136_fu_1096    |    32|   0|    32|          0|
    |a_int_255_137_fu_1100    |    32|   0|    32|          0|
    |a_int_255_138_fu_1104    |    32|   0|    32|          0|
    |a_int_255_139_fu_1108    |    32|   0|    32|          0|
    |a_int_255_13_fu_604      |    32|   0|    32|          0|
    |a_int_255_140_fu_1112    |    32|   0|    32|          0|
    |a_int_255_141_fu_1116    |    32|   0|    32|          0|
    |a_int_255_142_fu_1120    |    32|   0|    32|          0|
    |a_int_255_143_fu_1124    |    32|   0|    32|          0|
    |a_int_255_144_fu_1128    |    32|   0|    32|          0|
    |a_int_255_145_fu_1132    |    32|   0|    32|          0|
    |a_int_255_146_fu_1136    |    32|   0|    32|          0|
    |a_int_255_147_fu_1140    |    32|   0|    32|          0|
    |a_int_255_148_fu_1144    |    32|   0|    32|          0|
    |a_int_255_149_fu_1148    |    32|   0|    32|          0|
    |a_int_255_14_fu_608      |    32|   0|    32|          0|
    |a_int_255_150_fu_1152    |    32|   0|    32|          0|
    |a_int_255_151_fu_1156    |    32|   0|    32|          0|
    |a_int_255_152_fu_1160    |    32|   0|    32|          0|
    |a_int_255_153_fu_1164    |    32|   0|    32|          0|
    |a_int_255_154_fu_1168    |    32|   0|    32|          0|
    |a_int_255_155_fu_1172    |    32|   0|    32|          0|
    |a_int_255_156_fu_1176    |    32|   0|    32|          0|
    |a_int_255_157_fu_1180    |    32|   0|    32|          0|
    |a_int_255_158_fu_1184    |    32|   0|    32|          0|
    |a_int_255_159_fu_1188    |    32|   0|    32|          0|
    |a_int_255_15_fu_612      |    32|   0|    32|          0|
    |a_int_255_160_fu_1192    |    32|   0|    32|          0|
    |a_int_255_161_fu_1196    |    32|   0|    32|          0|
    |a_int_255_162_fu_1200    |    32|   0|    32|          0|
    |a_int_255_163_fu_1204    |    32|   0|    32|          0|
    |a_int_255_164_fu_1208    |    32|   0|    32|          0|
    |a_int_255_165_fu_1212    |    32|   0|    32|          0|
    |a_int_255_166_fu_1216    |    32|   0|    32|          0|
    |a_int_255_167_fu_1220    |    32|   0|    32|          0|
    |a_int_255_168_fu_1224    |    32|   0|    32|          0|
    |a_int_255_169_fu_1228    |    32|   0|    32|          0|
    |a_int_255_16_fu_616      |    32|   0|    32|          0|
    |a_int_255_170_fu_1232    |    32|   0|    32|          0|
    |a_int_255_171_fu_1236    |    32|   0|    32|          0|
    |a_int_255_172_fu_1240    |    32|   0|    32|          0|
    |a_int_255_173_fu_1244    |    32|   0|    32|          0|
    |a_int_255_174_fu_1248    |    32|   0|    32|          0|
    |a_int_255_175_fu_1252    |    32|   0|    32|          0|
    |a_int_255_176_fu_1256    |    32|   0|    32|          0|
    |a_int_255_177_fu_1260    |    32|   0|    32|          0|
    |a_int_255_178_fu_1264    |    32|   0|    32|          0|
    |a_int_255_179_fu_1268    |    32|   0|    32|          0|
    |a_int_255_17_fu_620      |    32|   0|    32|          0|
    |a_int_255_180_fu_1272    |    32|   0|    32|          0|
    |a_int_255_181_fu_1276    |    32|   0|    32|          0|
    |a_int_255_182_fu_1280    |    32|   0|    32|          0|
    |a_int_255_183_fu_1284    |    32|   0|    32|          0|
    |a_int_255_184_fu_1288    |    32|   0|    32|          0|
    |a_int_255_185_fu_1292    |    32|   0|    32|          0|
    |a_int_255_186_fu_1296    |    32|   0|    32|          0|
    |a_int_255_187_fu_1300    |    32|   0|    32|          0|
    |a_int_255_188_fu_1304    |    32|   0|    32|          0|
    |a_int_255_189_fu_1308    |    32|   0|    32|          0|
    |a_int_255_18_fu_624      |    32|   0|    32|          0|
    |a_int_255_190_fu_1312    |    32|   0|    32|          0|
    |a_int_255_191_fu_1316    |    32|   0|    32|          0|
    |a_int_255_192_fu_1320    |    32|   0|    32|          0|
    |a_int_255_193_fu_1324    |    32|   0|    32|          0|
    |a_int_255_194_fu_1328    |    32|   0|    32|          0|
    |a_int_255_195_fu_1332    |    32|   0|    32|          0|
    |a_int_255_196_fu_1336    |    32|   0|    32|          0|
    |a_int_255_197_fu_1340    |    32|   0|    32|          0|
    |a_int_255_198_fu_1344    |    32|   0|    32|          0|
    |a_int_255_199_fu_1348    |    32|   0|    32|          0|
    |a_int_255_19_fu_628      |    32|   0|    32|          0|
    |a_int_255_1_fu_556       |    32|   0|    32|          0|
    |a_int_255_200_fu_1352    |    32|   0|    32|          0|
    |a_int_255_201_fu_1356    |    32|   0|    32|          0|
    |a_int_255_202_fu_1360    |    32|   0|    32|          0|
    |a_int_255_203_fu_1364    |    32|   0|    32|          0|
    |a_int_255_204_fu_1368    |    32|   0|    32|          0|
    |a_int_255_205_fu_1372    |    32|   0|    32|          0|
    |a_int_255_206_fu_1376    |    32|   0|    32|          0|
    |a_int_255_207_fu_1380    |    32|   0|    32|          0|
    |a_int_255_208_fu_1384    |    32|   0|    32|          0|
    |a_int_255_209_fu_1388    |    32|   0|    32|          0|
    |a_int_255_20_fu_632      |    32|   0|    32|          0|
    |a_int_255_210_fu_1392    |    32|   0|    32|          0|
    |a_int_255_211_fu_1396    |    32|   0|    32|          0|
    |a_int_255_212_fu_1400    |    32|   0|    32|          0|
    |a_int_255_213_fu_1404    |    32|   0|    32|          0|
    |a_int_255_214_fu_1408    |    32|   0|    32|          0|
    |a_int_255_215_fu_1412    |    32|   0|    32|          0|
    |a_int_255_216_fu_1416    |    32|   0|    32|          0|
    |a_int_255_217_fu_1420    |    32|   0|    32|          0|
    |a_int_255_218_fu_1424    |    32|   0|    32|          0|
    |a_int_255_219_fu_1428    |    32|   0|    32|          0|
    |a_int_255_21_fu_636      |    32|   0|    32|          0|
    |a_int_255_220_fu_1432    |    32|   0|    32|          0|
    |a_int_255_221_fu_1436    |    32|   0|    32|          0|
    |a_int_255_222_fu_1440    |    32|   0|    32|          0|
    |a_int_255_223_fu_1444    |    32|   0|    32|          0|
    |a_int_255_224_fu_1448    |    32|   0|    32|          0|
    |a_int_255_225_fu_1452    |    32|   0|    32|          0|
    |a_int_255_226_fu_1456    |    32|   0|    32|          0|
    |a_int_255_227_fu_1460    |    32|   0|    32|          0|
    |a_int_255_228_fu_1464    |    32|   0|    32|          0|
    |a_int_255_229_fu_1468    |    32|   0|    32|          0|
    |a_int_255_22_fu_640      |    32|   0|    32|          0|
    |a_int_255_230_fu_1472    |    32|   0|    32|          0|
    |a_int_255_231_fu_1476    |    32|   0|    32|          0|
    |a_int_255_232_fu_1480    |    32|   0|    32|          0|
    |a_int_255_233_fu_1484    |    32|   0|    32|          0|
    |a_int_255_234_fu_1488    |    32|   0|    32|          0|
    |a_int_255_235_fu_1492    |    32|   0|    32|          0|
    |a_int_255_236_fu_1496    |    32|   0|    32|          0|
    |a_int_255_237_fu_1500    |    32|   0|    32|          0|
    |a_int_255_238_fu_1504    |    32|   0|    32|          0|
    |a_int_255_239_fu_1508    |    32|   0|    32|          0|
    |a_int_255_23_fu_644      |    32|   0|    32|          0|
    |a_int_255_240_fu_1512    |    32|   0|    32|          0|
    |a_int_255_241_fu_1516    |    32|   0|    32|          0|
    |a_int_255_242_fu_1520    |    32|   0|    32|          0|
    |a_int_255_243_fu_1524    |    32|   0|    32|          0|
    |a_int_255_244_fu_1528    |    32|   0|    32|          0|
    |a_int_255_245_fu_1532    |    32|   0|    32|          0|
    |a_int_255_246_fu_1536    |    32|   0|    32|          0|
    |a_int_255_247_fu_1540    |    32|   0|    32|          0|
    |a_int_255_248_fu_1544    |    32|   0|    32|          0|
    |a_int_255_249_fu_1548    |    32|   0|    32|          0|
    |a_int_255_24_fu_648      |    32|   0|    32|          0|
    |a_int_255_250_fu_1552    |    32|   0|    32|          0|
    |a_int_255_251_fu_1556    |    32|   0|    32|          0|
    |a_int_255_252_fu_1560    |    32|   0|    32|          0|
    |a_int_255_253_fu_1564    |    32|   0|    32|          0|
    |a_int_255_254_fu_1568    |    32|   0|    32|          0|
    |a_int_255_255_fu_1572    |    32|   0|    32|          0|
    |a_int_255_25_fu_652      |    32|   0|    32|          0|
    |a_int_255_26_fu_656      |    32|   0|    32|          0|
    |a_int_255_27_fu_660      |    32|   0|    32|          0|
    |a_int_255_28_fu_664      |    32|   0|    32|          0|
    |a_int_255_29_fu_668      |    32|   0|    32|          0|
    |a_int_255_2_fu_560       |    32|   0|    32|          0|
    |a_int_255_30_fu_672      |    32|   0|    32|          0|
    |a_int_255_31_fu_676      |    32|   0|    32|          0|
    |a_int_255_32_fu_680      |    32|   0|    32|          0|
    |a_int_255_33_fu_684      |    32|   0|    32|          0|
    |a_int_255_34_fu_688      |    32|   0|    32|          0|
    |a_int_255_35_fu_692      |    32|   0|    32|          0|
    |a_int_255_36_fu_696      |    32|   0|    32|          0|
    |a_int_255_37_fu_700      |    32|   0|    32|          0|
    |a_int_255_38_fu_704      |    32|   0|    32|          0|
    |a_int_255_39_fu_708      |    32|   0|    32|          0|
    |a_int_255_3_fu_564       |    32|   0|    32|          0|
    |a_int_255_40_fu_712      |    32|   0|    32|          0|
    |a_int_255_41_fu_716      |    32|   0|    32|          0|
    |a_int_255_42_fu_720      |    32|   0|    32|          0|
    |a_int_255_43_fu_724      |    32|   0|    32|          0|
    |a_int_255_44_fu_728      |    32|   0|    32|          0|
    |a_int_255_45_fu_732      |    32|   0|    32|          0|
    |a_int_255_46_fu_736      |    32|   0|    32|          0|
    |a_int_255_47_fu_740      |    32|   0|    32|          0|
    |a_int_255_48_fu_744      |    32|   0|    32|          0|
    |a_int_255_49_fu_748      |    32|   0|    32|          0|
    |a_int_255_4_fu_568       |    32|   0|    32|          0|
    |a_int_255_50_fu_752      |    32|   0|    32|          0|
    |a_int_255_51_fu_756      |    32|   0|    32|          0|
    |a_int_255_52_fu_760      |    32|   0|    32|          0|
    |a_int_255_53_fu_764      |    32|   0|    32|          0|
    |a_int_255_54_fu_768      |    32|   0|    32|          0|
    |a_int_255_55_fu_772      |    32|   0|    32|          0|
    |a_int_255_56_fu_776      |    32|   0|    32|          0|
    |a_int_255_57_fu_780      |    32|   0|    32|          0|
    |a_int_255_58_fu_784      |    32|   0|    32|          0|
    |a_int_255_59_fu_788      |    32|   0|    32|          0|
    |a_int_255_5_fu_572       |    32|   0|    32|          0|
    |a_int_255_60_fu_792      |    32|   0|    32|          0|
    |a_int_255_61_fu_796      |    32|   0|    32|          0|
    |a_int_255_62_fu_800      |    32|   0|    32|          0|
    |a_int_255_63_fu_804      |    32|   0|    32|          0|
    |a_int_255_64_fu_808      |    32|   0|    32|          0|
    |a_int_255_65_fu_812      |    32|   0|    32|          0|
    |a_int_255_66_fu_816      |    32|   0|    32|          0|
    |a_int_255_67_fu_820      |    32|   0|    32|          0|
    |a_int_255_68_fu_824      |    32|   0|    32|          0|
    |a_int_255_69_fu_828      |    32|   0|    32|          0|
    |a_int_255_6_fu_576       |    32|   0|    32|          0|
    |a_int_255_70_fu_832      |    32|   0|    32|          0|
    |a_int_255_71_fu_836      |    32|   0|    32|          0|
    |a_int_255_72_fu_840      |    32|   0|    32|          0|
    |a_int_255_73_fu_844      |    32|   0|    32|          0|
    |a_int_255_74_fu_848      |    32|   0|    32|          0|
    |a_int_255_75_fu_852      |    32|   0|    32|          0|
    |a_int_255_76_fu_856      |    32|   0|    32|          0|
    |a_int_255_77_fu_860      |    32|   0|    32|          0|
    |a_int_255_78_fu_864      |    32|   0|    32|          0|
    |a_int_255_79_fu_868      |    32|   0|    32|          0|
    |a_int_255_7_fu_580       |    32|   0|    32|          0|
    |a_int_255_80_fu_872      |    32|   0|    32|          0|
    |a_int_255_81_fu_876      |    32|   0|    32|          0|
    |a_int_255_82_fu_880      |    32|   0|    32|          0|
    |a_int_255_83_fu_884      |    32|   0|    32|          0|
    |a_int_255_84_fu_888      |    32|   0|    32|          0|
    |a_int_255_85_fu_892      |    32|   0|    32|          0|
    |a_int_255_86_fu_896      |    32|   0|    32|          0|
    |a_int_255_87_fu_900      |    32|   0|    32|          0|
    |a_int_255_88_fu_904      |    32|   0|    32|          0|
    |a_int_255_89_fu_908      |    32|   0|    32|          0|
    |a_int_255_8_fu_584       |    32|   0|    32|          0|
    |a_int_255_90_fu_912      |    32|   0|    32|          0|
    |a_int_255_91_fu_916      |    32|   0|    32|          0|
    |a_int_255_92_fu_920      |    32|   0|    32|          0|
    |a_int_255_93_fu_924      |    32|   0|    32|          0|
    |a_int_255_94_fu_928      |    32|   0|    32|          0|
    |a_int_255_95_fu_932      |    32|   0|    32|          0|
    |a_int_255_96_fu_936      |    32|   0|    32|          0|
    |a_int_255_97_fu_940      |    32|   0|    32|          0|
    |a_int_255_98_fu_944      |    32|   0|    32|          0|
    |a_int_255_99_fu_948      |    32|   0|    32|          0|
    |a_int_255_9_fu_588       |    32|   0|    32|          0|
    |a_int_255_fu_552         |    32|   0|    32|          0|
    |ap_CS_fsm                |  1031|   0|  1031|          0|
    |ap_enable_reg_pp0_iter0  |     1|   0|     1|          0|
    |ap_enable_reg_pp0_iter1  |     1|   0|     1|          0|
    |ap_enable_reg_pp1_iter0  |     1|   0|     1|          0|
    |ap_enable_reg_pp1_iter1  |     1|   0|     1|          0|
    |ap_return_preg           |    32|   0|    32|          0|
    |b_int_255_100_fu_1976    |    32|   0|    32|          0|
    |b_int_255_101_fu_1980    |    32|   0|    32|          0|
    |b_int_255_102_fu_1984    |    32|   0|    32|          0|
    |b_int_255_103_fu_1988    |    32|   0|    32|          0|
    |b_int_255_104_fu_1992    |    32|   0|    32|          0|
    |b_int_255_105_fu_1996    |    32|   0|    32|          0|
    |b_int_255_106_fu_2000    |    32|   0|    32|          0|
    |b_int_255_107_fu_2004    |    32|   0|    32|          0|
    |b_int_255_108_fu_2008    |    32|   0|    32|          0|
    |b_int_255_109_fu_2012    |    32|   0|    32|          0|
    |b_int_255_10_fu_1616     |    32|   0|    32|          0|
    |b_int_255_110_fu_2016    |    32|   0|    32|          0|
    |b_int_255_111_fu_2020    |    32|   0|    32|          0|
    |b_int_255_112_fu_2024    |    32|   0|    32|          0|
    |b_int_255_113_fu_2028    |    32|   0|    32|          0|
    |b_int_255_114_fu_2032    |    32|   0|    32|          0|
    |b_int_255_115_fu_2036    |    32|   0|    32|          0|
    |b_int_255_116_fu_2040    |    32|   0|    32|          0|
    |b_int_255_117_fu_2044    |    32|   0|    32|          0|
    |b_int_255_118_fu_2048    |    32|   0|    32|          0|
    |b_int_255_119_fu_2052    |    32|   0|    32|          0|
    |b_int_255_11_fu_1620     |    32|   0|    32|          0|
    |b_int_255_120_fu_2056    |    32|   0|    32|          0|
    |b_int_255_121_fu_2060    |    32|   0|    32|          0|
    |b_int_255_122_fu_2064    |    32|   0|    32|          0|
    |b_int_255_123_fu_2068    |    32|   0|    32|          0|
    |b_int_255_124_fu_2072    |    32|   0|    32|          0|
    |b_int_255_125_fu_2076    |    32|   0|    32|          0|
    |b_int_255_126_fu_2080    |    32|   0|    32|          0|
    |b_int_255_127_fu_2084    |    32|   0|    32|          0|
    |b_int_255_128_fu_2088    |    32|   0|    32|          0|
    |b_int_255_129_fu_2092    |    32|   0|    32|          0|
    |b_int_255_12_fu_1624     |    32|   0|    32|          0|
    |b_int_255_130_fu_2096    |    32|   0|    32|          0|
    |b_int_255_131_fu_2100    |    32|   0|    32|          0|
    |b_int_255_132_fu_2104    |    32|   0|    32|          0|
    |b_int_255_133_fu_2108    |    32|   0|    32|          0|
    |b_int_255_134_fu_2112    |    32|   0|    32|          0|
    |b_int_255_135_fu_2116    |    32|   0|    32|          0|
    |b_int_255_136_fu_2120    |    32|   0|    32|          0|
    |b_int_255_137_fu_2124    |    32|   0|    32|          0|
    |b_int_255_138_fu_2128    |    32|   0|    32|          0|
    |b_int_255_139_fu_2132    |    32|   0|    32|          0|
    |b_int_255_13_fu_1628     |    32|   0|    32|          0|
    |b_int_255_140_fu_2136    |    32|   0|    32|          0|
    |b_int_255_141_fu_2140    |    32|   0|    32|          0|
    |b_int_255_142_fu_2144    |    32|   0|    32|          0|
    |b_int_255_143_fu_2148    |    32|   0|    32|          0|
    |b_int_255_144_fu_2152    |    32|   0|    32|          0|
    |b_int_255_145_fu_2156    |    32|   0|    32|          0|
    |b_int_255_146_fu_2160    |    32|   0|    32|          0|
    |b_int_255_147_fu_2164    |    32|   0|    32|          0|
    |b_int_255_148_fu_2168    |    32|   0|    32|          0|
    |b_int_255_149_fu_2172    |    32|   0|    32|          0|
    |b_int_255_14_fu_1632     |    32|   0|    32|          0|
    |b_int_255_150_fu_2176    |    32|   0|    32|          0|
    |b_int_255_151_fu_2180    |    32|   0|    32|          0|
    |b_int_255_152_fu_2184    |    32|   0|    32|          0|
    |b_int_255_153_fu_2188    |    32|   0|    32|          0|
    |b_int_255_154_fu_2192    |    32|   0|    32|          0|
    |b_int_255_155_fu_2196    |    32|   0|    32|          0|
    |b_int_255_156_fu_2200    |    32|   0|    32|          0|
    |b_int_255_157_fu_2204    |    32|   0|    32|          0|
    |b_int_255_158_fu_2208    |    32|   0|    32|          0|
    |b_int_255_159_fu_2212    |    32|   0|    32|          0|
    |b_int_255_15_fu_1636     |    32|   0|    32|          0|
    |b_int_255_160_fu_2216    |    32|   0|    32|          0|
    |b_int_255_161_fu_2220    |    32|   0|    32|          0|
    |b_int_255_162_fu_2224    |    32|   0|    32|          0|
    |b_int_255_163_fu_2228    |    32|   0|    32|          0|
    |b_int_255_164_fu_2232    |    32|   0|    32|          0|
    |b_int_255_165_fu_2236    |    32|   0|    32|          0|
    |b_int_255_166_fu_2240    |    32|   0|    32|          0|
    |b_int_255_167_fu_2244    |    32|   0|    32|          0|
    |b_int_255_168_fu_2248    |    32|   0|    32|          0|
    |b_int_255_169_fu_2252    |    32|   0|    32|          0|
    |b_int_255_16_fu_1640     |    32|   0|    32|          0|
    |b_int_255_170_fu_2256    |    32|   0|    32|          0|
    |b_int_255_171_fu_2260    |    32|   0|    32|          0|
    |b_int_255_172_fu_2264    |    32|   0|    32|          0|
    |b_int_255_173_fu_2268    |    32|   0|    32|          0|
    |b_int_255_174_fu_2272    |    32|   0|    32|          0|
    |b_int_255_175_fu_2276    |    32|   0|    32|          0|
    |b_int_255_176_fu_2280    |    32|   0|    32|          0|
    |b_int_255_177_fu_2284    |    32|   0|    32|          0|
    |b_int_255_178_fu_2288    |    32|   0|    32|          0|
    |b_int_255_179_fu_2292    |    32|   0|    32|          0|
    |b_int_255_17_fu_1644     |    32|   0|    32|          0|
    |b_int_255_180_fu_2296    |    32|   0|    32|          0|
    |b_int_255_181_fu_2300    |    32|   0|    32|          0|
    |b_int_255_182_fu_2304    |    32|   0|    32|          0|
    |b_int_255_183_fu_2308    |    32|   0|    32|          0|
    |b_int_255_184_fu_2312    |    32|   0|    32|          0|
    |b_int_255_185_fu_2316    |    32|   0|    32|          0|
    |b_int_255_186_fu_2320    |    32|   0|    32|          0|
    |b_int_255_187_fu_2324    |    32|   0|    32|          0|
    |b_int_255_188_fu_2328    |    32|   0|    32|          0|
    |b_int_255_189_fu_2332    |    32|   0|    32|          0|
    |b_int_255_18_fu_1648     |    32|   0|    32|          0|
    |b_int_255_190_fu_2336    |    32|   0|    32|          0|
    |b_int_255_191_fu_2340    |    32|   0|    32|          0|
    |b_int_255_192_fu_2344    |    32|   0|    32|          0|
    |b_int_255_193_fu_2348    |    32|   0|    32|          0|
    |b_int_255_194_fu_2352    |    32|   0|    32|          0|
    |b_int_255_195_fu_2356    |    32|   0|    32|          0|
    |b_int_255_196_fu_2360    |    32|   0|    32|          0|
    |b_int_255_197_fu_2364    |    32|   0|    32|          0|
    |b_int_255_198_fu_2368    |    32|   0|    32|          0|
    |b_int_255_199_fu_2372    |    32|   0|    32|          0|
    |b_int_255_19_fu_1652     |    32|   0|    32|          0|
    |b_int_255_1_fu_1580      |    32|   0|    32|          0|
    |b_int_255_200_fu_2376    |    32|   0|    32|          0|
    |b_int_255_201_fu_2380    |    32|   0|    32|          0|
    |b_int_255_202_fu_2384    |    32|   0|    32|          0|
    |b_int_255_203_fu_2388    |    32|   0|    32|          0|
    |b_int_255_204_fu_2392    |    32|   0|    32|          0|
    |b_int_255_205_fu_2396    |    32|   0|    32|          0|
    |b_int_255_206_fu_2400    |    32|   0|    32|          0|
    |b_int_255_207_fu_2404    |    32|   0|    32|          0|
    |b_int_255_208_fu_2408    |    32|   0|    32|          0|
    |b_int_255_209_fu_2412    |    32|   0|    32|          0|
    |b_int_255_20_fu_1656     |    32|   0|    32|          0|
    |b_int_255_210_fu_2416    |    32|   0|    32|          0|
    |b_int_255_211_fu_2420    |    32|   0|    32|          0|
    |b_int_255_212_fu_2424    |    32|   0|    32|          0|
    |b_int_255_213_fu_2428    |    32|   0|    32|          0|
    |b_int_255_214_fu_2432    |    32|   0|    32|          0|
    |b_int_255_215_fu_2436    |    32|   0|    32|          0|
    |b_int_255_216_fu_2440    |    32|   0|    32|          0|
    |b_int_255_217_fu_2444    |    32|   0|    32|          0|
    |b_int_255_218_fu_2448    |    32|   0|    32|          0|
    |b_int_255_219_fu_2452    |    32|   0|    32|          0|
    |b_int_255_21_fu_1660     |    32|   0|    32|          0|
    |b_int_255_220_fu_2456    |    32|   0|    32|          0|
    |b_int_255_221_fu_2460    |    32|   0|    32|          0|
    |b_int_255_222_fu_2464    |    32|   0|    32|          0|
    |b_int_255_223_fu_2468    |    32|   0|    32|          0|
    |b_int_255_224_fu_2472    |    32|   0|    32|          0|
    |b_int_255_225_fu_2476    |    32|   0|    32|          0|
    |b_int_255_226_fu_2480    |    32|   0|    32|          0|
    |b_int_255_227_fu_2484    |    32|   0|    32|          0|
    |b_int_255_228_fu_2488    |    32|   0|    32|          0|
    |b_int_255_229_fu_2492    |    32|   0|    32|          0|
    |b_int_255_22_fu_1664     |    32|   0|    32|          0|
    |b_int_255_230_fu_2496    |    32|   0|    32|          0|
    |b_int_255_231_fu_2500    |    32|   0|    32|          0|
    |b_int_255_232_fu_2504    |    32|   0|    32|          0|
    |b_int_255_233_fu_2508    |    32|   0|    32|          0|
    |b_int_255_234_fu_2512    |    32|   0|    32|          0|
    |b_int_255_235_fu_2516    |    32|   0|    32|          0|
    |b_int_255_236_fu_2520    |    32|   0|    32|          0|
    |b_int_255_237_fu_2524    |    32|   0|    32|          0|
    |b_int_255_238_fu_2528    |    32|   0|    32|          0|
    |b_int_255_239_fu_2532    |    32|   0|    32|          0|
    |b_int_255_23_fu_1668     |    32|   0|    32|          0|
    |b_int_255_240_fu_2536    |    32|   0|    32|          0|
    |b_int_255_241_fu_2540    |    32|   0|    32|          0|
    |b_int_255_242_fu_2544    |    32|   0|    32|          0|
    |b_int_255_243_fu_2548    |    32|   0|    32|          0|
    |b_int_255_244_fu_2552    |    32|   0|    32|          0|
    |b_int_255_245_fu_2556    |    32|   0|    32|          0|
    |b_int_255_246_fu_2560    |    32|   0|    32|          0|
    |b_int_255_247_fu_2564    |    32|   0|    32|          0|
    |b_int_255_248_fu_2568    |    32|   0|    32|          0|
    |b_int_255_249_fu_2572    |    32|   0|    32|          0|
    |b_int_255_24_fu_1672     |    32|   0|    32|          0|
    |b_int_255_250_fu_2576    |    32|   0|    32|          0|
    |b_int_255_251_fu_2580    |    32|   0|    32|          0|
    |b_int_255_252_fu_2584    |    32|   0|    32|          0|
    |b_int_255_253_fu_2588    |    32|   0|    32|          0|
    |b_int_255_254_fu_2592    |    32|   0|    32|          0|
    |b_int_255_255_fu_2596    |    32|   0|    32|          0|
    |b_int_255_25_fu_1676     |    32|   0|    32|          0|
    |b_int_255_26_fu_1680     |    32|   0|    32|          0|
    |b_int_255_27_fu_1684     |    32|   0|    32|          0|
    |b_int_255_28_fu_1688     |    32|   0|    32|          0|
    |b_int_255_29_fu_1692     |    32|   0|    32|          0|
    |b_int_255_2_fu_1584      |    32|   0|    32|          0|
    |b_int_255_30_fu_1696     |    32|   0|    32|          0|
    |b_int_255_31_fu_1700     |    32|   0|    32|          0|
    |b_int_255_32_fu_1704     |    32|   0|    32|          0|
    |b_int_255_33_fu_1708     |    32|   0|    32|          0|
    |b_int_255_34_fu_1712     |    32|   0|    32|          0|
    |b_int_255_35_fu_1716     |    32|   0|    32|          0|
    |b_int_255_36_fu_1720     |    32|   0|    32|          0|
    |b_int_255_37_fu_1724     |    32|   0|    32|          0|
    |b_int_255_38_fu_1728     |    32|   0|    32|          0|
    |b_int_255_39_fu_1732     |    32|   0|    32|          0|
    |b_int_255_3_fu_1588      |    32|   0|    32|          0|
    |b_int_255_40_fu_1736     |    32|   0|    32|          0|
    |b_int_255_41_fu_1740     |    32|   0|    32|          0|
    |b_int_255_42_fu_1744     |    32|   0|    32|          0|
    |b_int_255_43_fu_1748     |    32|   0|    32|          0|
    |b_int_255_44_fu_1752     |    32|   0|    32|          0|
    |b_int_255_45_fu_1756     |    32|   0|    32|          0|
    |b_int_255_46_fu_1760     |    32|   0|    32|          0|
    |b_int_255_47_fu_1764     |    32|   0|    32|          0|
    |b_int_255_48_fu_1768     |    32|   0|    32|          0|
    |b_int_255_49_fu_1772     |    32|   0|    32|          0|
    |b_int_255_4_fu_1592      |    32|   0|    32|          0|
    |b_int_255_50_fu_1776     |    32|   0|    32|          0|
    |b_int_255_51_fu_1780     |    32|   0|    32|          0|
    |b_int_255_52_fu_1784     |    32|   0|    32|          0|
    |b_int_255_53_fu_1788     |    32|   0|    32|          0|
    |b_int_255_54_fu_1792     |    32|   0|    32|          0|
    |b_int_255_55_fu_1796     |    32|   0|    32|          0|
    |b_int_255_56_fu_1800     |    32|   0|    32|          0|
    |b_int_255_57_fu_1804     |    32|   0|    32|          0|
    |b_int_255_58_fu_1808     |    32|   0|    32|          0|
    |b_int_255_59_fu_1812     |    32|   0|    32|          0|
    |b_int_255_5_fu_1596      |    32|   0|    32|          0|
    |b_int_255_60_fu_1816     |    32|   0|    32|          0|
    |b_int_255_61_fu_1820     |    32|   0|    32|          0|
    |b_int_255_62_fu_1824     |    32|   0|    32|          0|
    |b_int_255_63_fu_1828     |    32|   0|    32|          0|
    |b_int_255_64_fu_1832     |    32|   0|    32|          0|
    |b_int_255_65_fu_1836     |    32|   0|    32|          0|
    |b_int_255_66_fu_1840     |    32|   0|    32|          0|
    |b_int_255_67_fu_1844     |    32|   0|    32|          0|
    |b_int_255_68_fu_1848     |    32|   0|    32|          0|
    |b_int_255_69_fu_1852     |    32|   0|    32|          0|
    |b_int_255_6_fu_1600      |    32|   0|    32|          0|
    |b_int_255_70_fu_1856     |    32|   0|    32|          0|
    |b_int_255_71_fu_1860     |    32|   0|    32|          0|
    |b_int_255_72_fu_1864     |    32|   0|    32|          0|
    |b_int_255_73_fu_1868     |    32|   0|    32|          0|
    |b_int_255_74_fu_1872     |    32|   0|    32|          0|
    |b_int_255_75_fu_1876     |    32|   0|    32|          0|
    |b_int_255_76_fu_1880     |    32|   0|    32|          0|
    |b_int_255_77_fu_1884     |    32|   0|    32|          0|
    |b_int_255_78_fu_1888     |    32|   0|    32|          0|
    |b_int_255_79_fu_1892     |    32|   0|    32|          0|
    |b_int_255_7_fu_1604      |    32|   0|    32|          0|
    |b_int_255_80_fu_1896     |    32|   0|    32|          0|
    |b_int_255_81_fu_1900     |    32|   0|    32|          0|
    |b_int_255_82_fu_1904     |    32|   0|    32|          0|
    |b_int_255_83_fu_1908     |    32|   0|    32|          0|
    |b_int_255_84_fu_1912     |    32|   0|    32|          0|
    |b_int_255_85_fu_1916     |    32|   0|    32|          0|
    |b_int_255_86_fu_1920     |    32|   0|    32|          0|
    |b_int_255_87_fu_1924     |    32|   0|    32|          0|
    |b_int_255_88_fu_1928     |    32|   0|    32|          0|
    |b_int_255_89_fu_1932     |    32|   0|    32|          0|
    |b_int_255_8_fu_1608      |    32|   0|    32|          0|
    |b_int_255_90_fu_1936     |    32|   0|    32|          0|
    |b_int_255_91_fu_1940     |    32|   0|    32|          0|
    |b_int_255_92_fu_1944     |    32|   0|    32|          0|
    |b_int_255_93_fu_1948     |    32|   0|    32|          0|
    |b_int_255_94_fu_1952     |    32|   0|    32|          0|
    |b_int_255_95_fu_1956     |    32|   0|    32|          0|
    |b_int_255_96_fu_1960     |    32|   0|    32|          0|
    |b_int_255_97_fu_1964     |    32|   0|    32|          0|
    |b_int_255_98_fu_1968     |    32|   0|    32|          0|
    |b_int_255_99_fu_1972     |    32|   0|    32|          0|
    |b_int_255_9_fu_1612      |    32|   0|    32|          0|
    |b_int_255_fu_1576        |    32|   0|    32|          0|
    |i1_0_reg_2643            |     9|   0|     9|          0|
    |i_0_reg_2632             |     9|   0|     9|          0|
    |reg_2663                 |    32|   0|    32|          0|
    |reg_2669                 |    32|   0|    32|          0|
    |trunc_ln32_reg_8900      |     8|   0|     8|          0|
    |trunc_ln36_reg_10454     |     8|   0|     8|          0|
    |zext_ln23_reg_8881       |     9|   0|    18|          9|
    +-------------------------+------+----+------+-----------+
    |Total                    | 17558|   0| 17567|          9|
    +-------------------------+------+----+------+-----------+



================================================================
== Interface
================================================================
* Summary: 
+------------+-----+-----+------------+---------------+--------------+
|  RTL Ports | Dir | Bits|  Protocol  | Source Object |    C Type    |
+------------+-----+-----+------------+---------------+--------------+
|ap_clk      |  in |    1| ap_ctrl_hs | dot_product.2 | return value |
|ap_rst      |  in |    1| ap_ctrl_hs | dot_product.2 | return value |
|ap_start    |  in |    1| ap_ctrl_hs | dot_product.2 | return value |
|ap_done     | out |    1| ap_ctrl_hs | dot_product.2 | return value |
|ap_idle     | out |    1| ap_ctrl_hs | dot_product.2 | return value |
|ap_ready    | out |    1| ap_ctrl_hs | dot_product.2 | return value |
|ap_return   | out |   32| ap_ctrl_hs | dot_product.2 | return value |
|a_address0  | out |   16|  ap_memory |       a       |     array    |
|a_ce0       | out |    1|  ap_memory |       a       |     array    |
|a_q0        |  in |   32|  ap_memory |       a       |     array    |
|a_offset    |  in |    9|   ap_none  |    a_offset   |    scalar    |
|b_address0  | out |    8|  ap_memory |       b       |     array    |
|b_ce0       | out |    1|  ap_memory |       b       |     array    |
|b_q0        |  in |   32|  ap_memory |       b       |     array    |
+------------+-----+-----+------------+---------------+--------------+

